2025-10-01 14:35:41,927 [INFO] Parsed List ID: 1430346349375938572
2025-10-01 14:35:45,978 [ERROR] Not logged in: Traceback (most recent call last):
  File "C:\Users\Iccanui\Desktop\Investing\RnD\X\x_scrape_gui.py", line 371, in _ensure_login_ui
    ensure_login(self.client, force_relogin=False, logger=self.logger)
  File "C:\Users\Iccanui\Desktop\Investing\RnD\X\x_scrape_gui.py", line 92, in ensure_login
    user = simpledialog.askstring("Login", "X username / email / phone:")
           ^^^^^^^^^^^^^^^^^^^^^^^^^^^^^^^^^^^^^^^^^^^^^^^^^^^^^^^^^^^^^^
  File "C:\Users\Iccanui\anaconda3\envs\x-scrape\Lib\tkinter\simpledialog.py", line 411, in askstring
    d = _QueryString(title, prompt, **kw)
        ^^^^^^^^^^^^^^^^^^^^^^^^^^^^^^^^^
  File "C:\Users\Iccanui\anaconda3\envs\x-scrape\Lib\tkinter\simpledialog.py", line 388, in __init__
    _QueryDialog.__init__(self, *args, **kw)
  File "C:\Users\Iccanui\anaconda3\envs\x-scrape\Lib\tkinter\simpledialog.py", line 283, in __init__
    Dialog.__init__(self, parent, title)
  File "C:\Users\Iccanui\anaconda3\envs\x-scrape\Lib\tkinter\simpledialog.py", line 143, in __init__
    self.wait_visibility()
  File "C:\Users\Iccanui\anaconda3\envs\x-scrape\Lib\tkinter\__init__.py", line 752, in wait_visibility
    self.tk.call('tkwait', 'visibility', window._w)
_tkinter.TclError: window ".!_querystring" was deleted before its visibility changed

2025-10-01 14:35:47,473 [ERROR] Scrape members failed: Traceback (most recent call last):
  File "C:\Users\Iccanui\Desktop\Investing\RnD\X\x_scrape_gui.py", line 382, in task
    self._ensure_login_ui()
  File "C:\Users\Iccanui\Desktop\Investing\RnD\X\x_scrape_gui.py", line 371, in _ensure_login_ui
    ensure_login(self.client, force_relogin=False, logger=self.logger)
  File "C:\Users\Iccanui\Desktop\Investing\RnD\X\x_scrape_gui.py", line 92, in ensure_login
    user = simpledialog.askstring("Login", "X username / email / phone:")
           ^^^^^^^^^^^^^^^^^^^^^^^^^^^^^^^^^^^^^^^^^^^^^^^^^^^^^^^^^^^^^^
  File "C:\Users\Iccanui\anaconda3\envs\x-scrape\Lib\tkinter\simpledialog.py", line 411, in askstring
    d = _QueryString(title, prompt, **kw)
        ^^^^^^^^^^^^^^^^^^^^^^^^^^^^^^^^^
  File "C:\Users\Iccanui\anaconda3\envs\x-scrape\Lib\tkinter\simpledialog.py", line 388, in __init__
    _QueryDialog.__init__(self, *args, **kw)
  File "C:\Users\Iccanui\anaconda3\envs\x-scrape\Lib\tkinter\simpledialog.py", line 283, in __init__
    Dialog.__init__(self, parent, title)
  File "C:\Users\Iccanui\anaconda3\envs\x-scrape\Lib\tkinter\simpledialog.py", line 143, in __init__
    self.wait_visibility()
  File "C:\Users\Iccanui\anaconda3\envs\x-scrape\Lib\tkinter\__init__.py", line 752, in wait_visibility
    self.tk.call('tkwait', 'visibility', window._w)
_tkinter.TclError: window ".!_querystring" was deleted before its visibility changed

2025-10-01 14:35:49,611 [INFO] Parsed List ID: 1430346349375938572
2025-10-01 14:35:52,930 [ERROR] Not logged in: Traceback (most recent call last):
  File "C:\Users\Iccanui\Desktop\Investing\RnD\X\x_scrape_gui.py", line 371, in _ensure_login_ui
    ensure_login(self.client, force_relogin=False, logger=self.logger)
  File "C:\Users\Iccanui\Desktop\Investing\RnD\X\x_scrape_gui.py", line 92, in ensure_login
    user = simpledialog.askstring("Login", "X username / email / phone:")
           ^^^^^^^^^^^^^^^^^^^^^^^^^^^^^^^^^^^^^^^^^^^^^^^^^^^^^^^^^^^^^^
  File "C:\Users\Iccanui\anaconda3\envs\x-scrape\Lib\tkinter\simpledialog.py", line 411, in askstring
    d = _QueryString(title, prompt, **kw)
        ^^^^^^^^^^^^^^^^^^^^^^^^^^^^^^^^^
  File "C:\Users\Iccanui\anaconda3\envs\x-scrape\Lib\tkinter\simpledialog.py", line 388, in __init__
    _QueryDialog.__init__(self, *args, **kw)
  File "C:\Users\Iccanui\anaconda3\envs\x-scrape\Lib\tkinter\simpledialog.py", line 283, in __init__
    Dialog.__init__(self, parent, title)
  File "C:\Users\Iccanui\anaconda3\envs\x-scrape\Lib\tkinter\simpledialog.py", line 143, in __init__
    self.wait_visibility()
  File "C:\Users\Iccanui\anaconda3\envs\x-scrape\Lib\tkinter\__init__.py", line 752, in wait_visibility
    self.tk.call('tkwait', 'visibility', window._w)
_tkinter.TclError: window ".!_querystring2" was deleted before its visibility changed

2025-10-01 14:35:54,677 [ERROR] Scrape timeline failed: Traceback (most recent call last):
  File "C:\Users\Iccanui\Desktop\Investing\RnD\X\x_scrape_gui.py", line 411, in task
    self._ensure_login_ui()
  File "C:\Users\Iccanui\Desktop\Investing\RnD\X\x_scrape_gui.py", line 371, in _ensure_login_ui
    ensure_login(self.client, force_relogin=False, logger=self.logger)
  File "C:\Users\Iccanui\Desktop\Investing\RnD\X\x_scrape_gui.py", line 92, in ensure_login
    user = simpledialog.askstring("Login", "X username / email / phone:")
           ^^^^^^^^^^^^^^^^^^^^^^^^^^^^^^^^^^^^^^^^^^^^^^^^^^^^^^^^^^^^^^
  File "C:\Users\Iccanui\anaconda3\envs\x-scrape\Lib\tkinter\simpledialog.py", line 411, in askstring
    d = _QueryString(title, prompt, **kw)
        ^^^^^^^^^^^^^^^^^^^^^^^^^^^^^^^^^
  File "C:\Users\Iccanui\anaconda3\envs\x-scrape\Lib\tkinter\simpledialog.py", line 388, in __init__
    _QueryDialog.__init__(self, *args, **kw)
  File "C:\Users\Iccanui\anaconda3\envs\x-scrape\Lib\tkinter\simpledialog.py", line 283, in __init__
    Dialog.__init__(self, parent, title)
  File "C:\Users\Iccanui\anaconda3\envs\x-scrape\Lib\tkinter\simpledialog.py", line 143, in __init__
    self.wait_visibility()
  File "C:\Users\Iccanui\anaconda3\envs\x-scrape\Lib\tkinter\__init__.py", line 752, in wait_visibility
    self.tk.call('tkwait', 'visibility', window._w)
_tkinter.TclError: window ".!_querystring2" was deleted before its visibility changed

