2025-11-12 04:35:02,418 INFO Wingman cleanup starting (dry_run=False)
2025-11-12 04:35:02,418 INFO Applying rule: Legacy RSS scraper output | target=C:\Users\Iccanui\Desktop\Investing-fail\Scraper\output\RSS | retention=7d | kind=subdirs
2025-11-12 04:35:02,419 INFO Rule summary: Legacy RSS scraper output | removed=0 | reclaimed=0.0B
2025-11-12 04:35:02,419 INFO Applying rule: Legacy X/Twitter scraper output | target=C:\Users\Iccanui\Desktop\Investing-fail\Scraper\output\X | retention=7d | kind=subdirs
2025-11-12 04:35:02,419 INFO Rule summary: Legacy X/Twitter scraper output | removed=0 | reclaimed=0.0B
2025-11-12 04:35:02,423 INFO Applying rule: Legacy YouTube scraper output | target=C:\Users\Iccanui\Desktop\Investing-fail\Scraper\output\YouTube | retention=7d | kind=subdirs
2025-11-12 04:35:02,423 INFO Rule summary: Legacy YouTube scraper output | removed=0 | reclaimed=0.0B
2025-11-12 04:35:02,423 INFO Applying rule: Archived X/Twitter JSON dumps | target=C:\Users\Iccanui\Desktop\Investing-fail\Toolbox\archived_data\X_twitter_archive | retention=14d | kind=files
2025-11-12 04:35:02,423 INFO Rule summary: Archived X/Twitter JSON dumps | removed=0 | reclaimed=0.0B
2025-11-12 04:35:02,423 INFO Applying rule: Research archive snapshots (previous quarters) | target=C:\Users\Iccanui\Desktop\Investing-fail\Research\.archive | retention=60d | kind=files
2025-11-12 04:35:02,424 INFO Rule summary: Research archive snapshots (previous quarters) | removed=0 | reclaimed=0.0B
2025-11-12 04:35:02,424 INFO Applying rule: Research RSS provider archives | target=C:\Users\Iccanui\Desktop\Investing-fail\Research\RSS\_archives | retention=30d | kind=files
2025-11-12 04:35:02,424 INFO Rule summary: Research RSS provider archives | removed=0 | reclaimed=0.0B
2025-11-12 04:35:02,424 INFO Applying rule: Research YouTube provider archives | target=C:\Users\Iccanui\Desktop\Investing-fail\Research\YouTube\_archives | retention=30d | kind=files
2025-11-12 04:35:02,424 INFO Rule summary: Research YouTube provider archives | removed=0 | reclaimed=0.0B
2025-11-12 04:35:02,424 INFO Applying rule: Research YouTube monthly snapshots | target=C:\Users\Iccanui\Desktop\Investing-fail\Research\YouTube\2025-10 | retention=0d | kind=subdirs
2025-11-12 04:35:02,424 INFO Rule summary: Research YouTube monthly snapshots | removed=0 | reclaimed=0.0B
2025-11-12 04:35:02,424 INFO Applying rule: Research Technicals legacy | target=C:\Users\Iccanui\Desktop\Investing-fail\Research\Technicals | retention=0d | kind=files
2025-11-12 04:35:02,425 INFO Rule summary: Research Technicals legacy | removed=0 | reclaimed=0.0B
2025-11-12 04:35:02,425 INFO Applying rule: Research Technicals realtime subdirs | target=C:\Users\Iccanui\Desktop\Investing-fail\Research\Technicals\RealTime | retention=0d | kind=subdirs
2025-11-12 04:35:02,425 INFO Rule summary: Research Technicals realtime subdirs | removed=0 | reclaimed=0.0B
2025-11-12 04:35:02,425 INFO Applying rule: Research Technicals realtime configs | target=C:\Users\Iccanui\Desktop\Investing-fail\Research\Technicals | retention=0d | kind=files
2025-11-12 04:35:02,425 INFO Rule summary: Research Technicals realtime configs | removed=0 | reclaimed=0.0B
2025-11-12 04:35:02,425 INFO Applying rule: Research X legacy summaries | target=C:\Users\Iccanui\Desktop\Investing-fail\Research\X | retention=0d | kind=files
2025-11-12 04:35:02,441 INFO Removed Research\X\Bookmarks\x_list_posts_20251111183028.json (2.1KB)
2025-11-12 04:35:02,442 INFO Removed Research\X\Bookmarks\x_list_posts_last_run.json (126.0B)
2025-11-12 04:35:02,443 INFO Removed Research\X\Crypto\x_list_posts_20251111182326.json (82.3KB)
2025-11-12 04:35:02,445 INFO Removed Research\X\Crypto\x_list_posts_last_run.json (130.0B)
2025-11-12 04:35:02,446 INFO Removed Research\X\Macro\x_list_posts_20251111183007.json (212.5KB)
2025-11-12 04:35:02,447 INFO Removed Research\X\Macro\x_list_posts_last_run.json (130.0B)
2025-11-12 04:35:02,449 INFO Removed Research\X\Technicals\x_list_posts_20251111182054.json (100.8KB)
2025-11-12 04:35:02,450 INFO Removed Research\X\Technicals\x_list_posts_last_run.json (130.0B)
2025-11-12 04:35:02,451 INFO Rule summary: Research X legacy summaries | removed=8 | reclaimed=398.1KB
2025-11-12 04:35:02,451 INFO Applying rule: Research AI inbox backlog | target=C:\Users\Iccanui\Desktop\Investing-fail\Research\AI | retention=0d | kind=files
2025-11-12 04:35:02,452 INFO Rule summary: Research AI inbox backlog | removed=0 | reclaimed=0.0B
2025-11-12 04:35:02,452 INFO Applying rule: Research summary fallbacks | target=C:\Users\Iccanui\Desktop\Investing-fail\Research\SUMMARIES | retention=0d | kind=files
2025-11-12 04:35:02,452 INFO Rule summary: Research summary fallbacks | removed=0 | reclaimed=0.0B
2025-11-12 04:35:02,452 INFO Applying rule: Research category overviews | target=C:\Users\Iccanui\Desktop\Investing-fail\Research\Overviews | retention=0d | kind=files
2025-11-12 04:35:02,452 INFO Rule summary: Research category overviews | removed=0 | reclaimed=0.0B
2025-11-12 04:35:02,452 INFO Applying rule: Research RSS category overviews (stale) | target=C:\Users\Iccanui\Desktop\Investing-fail\Research\RSS | retention=1d | kind=files
2025-11-12 04:35:02,452 INFO Rule summary: Research RSS category overviews (stale) | removed=0 | reclaimed=0.0B
2025-11-12 04:35:02,452 INFO Applying rule: Research YouTube category overviews (stale) | target=C:\Users\Iccanui\Desktop\Investing-fail\Research\YouTube | retention=1d | kind=files
2025-11-12 04:35:02,452 INFO Rule summary: Research YouTube category overviews (stale) | removed=0 | reclaimed=0.0B
2025-11-12 04:35:02,453 INFO Applying rule: Research Technicals category overviews (stale) | target=C:\Users\Iccanui\Desktop\Investing-fail\Research\Technicals | retention=1d | kind=files
2025-11-12 04:35:02,453 INFO Rule summary: Research Technicals category overviews (stale) | removed=0 | reclaimed=0.0B
2025-11-12 04:35:02,453 INFO Applying rule: Research X category overviews (stale) | target=C:\Users\Iccanui\Desktop\Investing-fail\Research\X | retention=1d | kind=files
2025-11-12 04:35:02,455 INFO Rule summary: Research X category overviews (stale) | removed=0 | reclaimed=0.0B
2025-11-12 04:35:02,455 INFO Applying rule: Research market sentiment archive | target=C:\Users\Iccanui\Desktop\Investing-fail\Research\Market Sentiment Archive | retention=0d | kind=files
2025-11-12 04:35:02,455 INFO Rule summary: Research market sentiment archive | removed=0 | reclaimed=0.0B
2025-11-12 04:35:02,455 INFO Applying rule: Research macro experiments | target=C:\Users\Iccanui\Desktop\Investing-fail\Research\Macro | retention=0d | kind=files
2025-11-12 04:35:02,455 INFO Rule summary: Research macro experiments | removed=0 | reclaimed=0.0B
2025-11-12 04:35:02,455 INFO Applying rule: Research personal notes | target=C:\Users\Iccanui\Desktop\Investing-fail\Research\Me | retention=0d | kind=files
2025-11-12 04:35:02,456 INFO Rule summary: Research personal notes | removed=0 | reclaimed=0.0B
2025-11-12 04:35:02,456 INFO Applying rule: Toolbox archived data snapshots | target=C:\Users\Iccanui\Desktop\Investing-fail\Toolbox\archived_data | retention=0d | kind=subdirs
2025-11-12 04:35:02,456 INFO Rule summary: Toolbox archived data snapshots | removed=0 | reclaimed=0.0B
2025-11-12 04:35:02,456 INFO Applying rule: Toolbox archived scrapers | target=C:\Users\Iccanui\Desktop\Investing-fail\Toolbox\archived_scrapers | retention=0d | kind=files
2025-11-12 04:35:02,457 INFO Rule summary: Toolbox archived scrapers | removed=0 | reclaimed=0.0B
2025-11-12 04:35:02,457 INFO Applying rule: Toolbox backups | target=C:\Users\Iccanui\Desktop\Investing-fail\Toolbox\Backups | retention=0d | kind=subdirs
2025-11-12 04:35:02,458 INFO Rule summary: Toolbox backups | removed=0 | reclaimed=0.0B
2025-11-12 04:35:02,458 INFO Applying rule: Toolbox backup files | target=C:\Users\Iccanui\Desktop\Investing-fail\Toolbox\Backups | retention=0d | kind=files
2025-11-12 04:35:02,460 INFO Rule summary: Toolbox backup files | removed=0 | reclaimed=0.0B
2025-11-12 04:35:02,460 INFO Applying rule: Master-plan archive backups | target=C:\Users\Iccanui\Desktop\Investing-fail\master-plan\archive\backups | retention=0d | kind=subdirs
2025-11-12 04:35:02,460 INFO Rule summary: Master-plan archive backups | removed=0 | reclaimed=0.0B
2025-11-12 04:35:02,460 INFO Applying rule: Master-plan archive monthly snapshots | target=C:\Users\Iccanui\Desktop\Investing-fail\master-plan\archive | retention=0d | kind=subdirs
2025-11-12 04:35:02,461 INFO Rule summary: Master-plan archive monthly snapshots | removed=0 | reclaimed=0.0B
2025-11-12 04:35:02,461 INFO Applying rule: Master-plan root backups | target=C:\Users\Iccanui\Desktop\Investing-fail\master-plan | retention=0d | kind=files
2025-11-12 04:35:02,461 INFO Rule summary: Master-plan root backups | removed=0 | reclaimed=0.0B
2025-11-12 04:35:02,461 INFO Applying rule: Python bytecode caches | target=C:\Users\Iccanui\Desktop\Investing-fail\Scraper\__pycache__ | retention=0d | kind=files
2025-11-12 04:35:02,461 INFO Rule summary: Python bytecode caches | removed=0 | reclaimed=0.0B
2025-11-12 04:35:02,462 INFO Applying rule: Scripts bytecode caches | target=C:\Users\Iccanui\Desktop\Investing-fail\scripts\__pycache__ | retention=0d | kind=files
2025-11-12 04:35:02,462 INFO Rule summary: Scripts bytecode caches | removed=0 | reclaimed=0.0B
2025-11-12 04:35:02,462 INFO Applying rule: Research cache old overviews (ULTRA-AGGRESSIVE - TODAY ONLY) | target=C:\Users\Iccanui\Desktop\Investing-fail\Research\.cache | retention=1d | kind=files
2025-11-12 04:35:02,465 INFO Rule summary: Research cache old overviews (ULTRA-AGGRESSIVE - TODAY ONLY) | removed=0 | reclaimed=0.0B
2025-11-12 04:35:02,465 INFO Wingman cleanup complete | paths_removed=8 | total_reclaimed=398.1KB
2025-11-12 20:34:30,022 INFO Wingman cleanup starting (dry_run=False)
2025-11-12 20:34:30,022 INFO Applying rule: Legacy RSS scraper output | target=C:\Users\Iccanui\Documents\Projects\Investing\Scraper\output\RSS | retention=7d | kind=subdirs
2025-11-12 20:34:30,022 INFO Rule summary: Legacy RSS scraper output | removed=0 | reclaimed=0.0B
2025-11-12 20:34:30,022 INFO Applying rule: Legacy X/Twitter scraper output | target=C:\Users\Iccanui\Documents\Projects\Investing\Scraper\output\X | retention=7d | kind=subdirs
2025-11-12 20:34:30,023 INFO Rule summary: Legacy X/Twitter scraper output | removed=0 | reclaimed=0.0B
2025-11-12 20:34:30,023 INFO Applying rule: Legacy YouTube scraper output | target=C:\Users\Iccanui\Documents\Projects\Investing\Scraper\output\YouTube | retention=7d | kind=subdirs
2025-11-12 20:34:30,023 INFO Rule summary: Legacy YouTube scraper output | removed=0 | reclaimed=0.0B
2025-11-12 20:34:30,023 INFO Applying rule: Archived X/Twitter JSON dumps | target=C:\Users\Iccanui\Documents\Projects\Investing\Toolbox\archived_data\X_twitter_archive | retention=14d | kind=files
2025-11-12 20:34:30,023 INFO Rule summary: Archived X/Twitter JSON dumps | removed=0 | reclaimed=0.0B
2025-11-12 20:34:30,023 INFO Applying rule: Research archive snapshots (previous quarters) | target=C:\Users\Iccanui\Documents\Projects\Investing\Research\.archive | retention=60d | kind=files
2025-11-12 20:34:30,023 INFO Rule summary: Research archive snapshots (previous quarters) | removed=0 | reclaimed=0.0B
2025-11-12 20:34:30,023 INFO Applying rule: Research RSS provider archives | target=C:\Users\Iccanui\Documents\Projects\Investing\Research\RSS\_archives | retention=30d | kind=files
2025-11-12 20:34:30,024 INFO Rule summary: Research RSS provider archives | removed=0 | reclaimed=0.0B
2025-11-12 20:34:30,024 INFO Applying rule: Research YouTube provider archives | target=C:\Users\Iccanui\Documents\Projects\Investing\Research\YouTube\_archives | retention=30d | kind=files
2025-11-12 20:34:30,024 INFO Rule summary: Research YouTube provider archives | removed=0 | reclaimed=0.0B
2025-11-12 20:34:30,024 INFO Applying rule: Research YouTube monthly snapshots | target=C:\Users\Iccanui\Documents\Projects\Investing\Research\YouTube\2025-10 | retention=0d | kind=subdirs
2025-11-12 20:34:30,024 INFO Rule summary: Research YouTube monthly snapshots | removed=0 | reclaimed=0.0B
2025-11-12 20:34:30,024 INFO Applying rule: Research Technicals legacy | target=C:\Users\Iccanui\Documents\Projects\Investing\Research\Technicals | retention=0d | kind=files
2025-11-12 20:34:30,024 INFO Rule summary: Research Technicals legacy | removed=0 | reclaimed=0.0B
2025-11-12 20:34:30,024 INFO Applying rule: Research Technicals realtime subdirs | target=C:\Users\Iccanui\Documents\Projects\Investing\Research\Technicals\RealTime | retention=0d | kind=subdirs
2025-11-12 20:34:30,025 INFO Rule summary: Research Technicals realtime subdirs | removed=0 | reclaimed=0.0B
2025-11-12 20:34:30,025 INFO Applying rule: Research Technicals realtime configs | target=C:\Users\Iccanui\Documents\Projects\Investing\Research\Technicals | retention=0d | kind=files
2025-11-12 20:34:30,025 INFO Rule summary: Research Technicals realtime configs | removed=0 | reclaimed=0.0B
2025-11-12 20:34:30,025 INFO Applying rule: Research X legacy summaries | target=C:\Users\Iccanui\Documents\Projects\Investing\Research\X | retention=0d | kind=files
2025-11-12 20:34:30,038 INFO Removed Research\X\Bookmarks\x_list_posts_20251112054322.json (3.0KB)
2025-11-12 20:34:30,039 INFO Removed Research\X\Bookmarks\x_list_posts_20251112083215.json (3.0KB)
2025-11-12 20:34:30,040 INFO Removed Research\X\Bookmarks\x_list_posts_last_run.json (126.0B)
2025-11-12 20:34:30,041 INFO Removed Research\X\Crypto\x_list_posts_20251112053603.json (215.7KB)
2025-11-12 20:34:30,042 INFO Removed Research\X\Crypto\x_list_posts_20251112083100.json (301.7KB)
2025-11-12 20:34:30,043 INFO Removed Research\X\Crypto\x_list_posts_last_run.json (130.0B)
2025-11-12 20:34:30,044 INFO Removed Research\X\Macro\x_list_posts_20251112054303.json (208.6KB)
2025-11-12 20:34:30,045 INFO Removed Research\X\Macro\x_list_posts_20251112083147.json (7.1KB)
2025-11-12 20:34:30,046 INFO Removed Research\X\Macro\x_list_posts_last_run.json (128.0B)
2025-11-12 20:34:30,047 INFO Removed Research\X\Technicals\x_list_posts_20251112052931.json (97.3KB)
2025-11-12 20:34:30,048 INFO Removed Research\X\Technicals\x_list_posts_20251112082209.json (101.0KB)
2025-11-12 20:34:30,049 INFO Removed Research\X\Technicals\x_list_posts_last_run.json (130.0B)
2025-11-12 20:34:30,050 INFO Removed Research\X\Bookmarks\archive\x_list_posts_last_run.json (126.0B)
2025-11-12 20:34:30,052 INFO Removed Research\X\Crypto\archive\x_list_posts_last_run.json (130.0B)
2025-11-12 20:34:30,053 INFO Removed Research\X\Macro\archive\x_list_posts_last_run.json (130.0B)
2025-11-12 20:34:30,054 INFO Removed Research\X\Technicals\archive\x_list_posts_last_run.json (130.0B)
2025-11-12 20:34:30,055 INFO Rule summary: Research X legacy summaries | removed=16 | reclaimed=938.4KB
2025-11-12 20:34:30,055 INFO Applying rule: Research AI inbox backlog | target=C:\Users\Iccanui\Documents\Projects\Investing\Research\AI | retention=0d | kind=files
2025-11-12 20:34:30,055 INFO Rule summary: Research AI inbox backlog | removed=0 | reclaimed=0.0B
2025-11-12 20:34:30,055 INFO Applying rule: Research summary fallbacks | target=C:\Users\Iccanui\Documents\Projects\Investing\Research\SUMMARIES | retention=0d | kind=files
2025-11-12 20:34:30,055 INFO Rule summary: Research summary fallbacks | removed=0 | reclaimed=0.0B
2025-11-12 20:34:30,055 INFO Applying rule: Research category overviews | target=C:\Users\Iccanui\Documents\Projects\Investing\Research\Overviews | retention=0d | kind=files
2025-11-12 20:34:30,055 INFO Rule summary: Research category overviews | removed=0 | reclaimed=0.0B
2025-11-12 20:34:30,055 INFO Applying rule: Research RSS category overviews (stale) | target=C:\Users\Iccanui\Documents\Projects\Investing\Research\RSS | retention=1d | kind=files
2025-11-12 20:34:30,055 INFO Rule summary: Research RSS category overviews (stale) | removed=0 | reclaimed=0.0B
2025-11-12 20:34:30,056 INFO Applying rule: Research YouTube category overviews (stale) | target=C:\Users\Iccanui\Documents\Projects\Investing\Research\YouTube | retention=1d | kind=files
2025-11-12 20:34:30,056 INFO Rule summary: Research YouTube category overviews (stale) | removed=0 | reclaimed=0.0B
2025-11-12 20:34:30,056 INFO Applying rule: Research Technicals category overviews (stale) | target=C:\Users\Iccanui\Documents\Projects\Investing\Research\Technicals | retention=1d | kind=files
2025-11-12 20:34:30,056 INFO Rule summary: Research Technicals category overviews (stale) | removed=0 | reclaimed=0.0B
2025-11-12 20:34:30,056 INFO Applying rule: Research X category overviews (stale) | target=C:\Users\Iccanui\Documents\Projects\Investing\Research\X | retention=1d | kind=files
2025-11-12 20:34:30,057 INFO Rule summary: Research X category overviews (stale) | removed=0 | reclaimed=0.0B
2025-11-12 20:34:30,057 INFO Applying rule: Research market sentiment archive | target=C:\Users\Iccanui\Documents\Projects\Investing\Research\Market Sentiment Archive | retention=0d | kind=files
2025-11-12 20:34:30,058 INFO Rule summary: Research market sentiment archive | removed=0 | reclaimed=0.0B
2025-11-12 20:34:30,058 INFO Applying rule: Research macro experiments | target=C:\Users\Iccanui\Documents\Projects\Investing\Research\Macro | retention=0d | kind=files
2025-11-12 20:34:30,058 INFO Rule summary: Research macro experiments | removed=0 | reclaimed=0.0B
2025-11-12 20:34:30,058 INFO Applying rule: Research personal notes | target=C:\Users\Iccanui\Documents\Projects\Investing\Research\Me | retention=0d | kind=files
2025-11-12 20:34:30,058 INFO Rule summary: Research personal notes | removed=0 | reclaimed=0.0B
2025-11-12 20:34:30,058 INFO Applying rule: Toolbox archived data snapshots | target=C:\Users\Iccanui\Documents\Projects\Investing\Toolbox\archived_data | retention=0d | kind=subdirs
2025-11-12 20:34:30,058 INFO Rule summary: Toolbox archived data snapshots | removed=0 | reclaimed=0.0B
2025-11-12 20:34:30,058 INFO Applying rule: Toolbox archived scrapers | target=C:\Users\Iccanui\Documents\Projects\Investing\Toolbox\archived_scrapers | retention=0d | kind=files
2025-11-12 20:34:30,058 INFO Rule summary: Toolbox archived scrapers | removed=0 | reclaimed=0.0B
2025-11-12 20:34:30,059 INFO Applying rule: Toolbox backups | target=C:\Users\Iccanui\Documents\Projects\Investing\Toolbox\Backups | retention=0d | kind=subdirs
2025-11-12 20:34:30,059 INFO Rule summary: Toolbox backups | removed=0 | reclaimed=0.0B
2025-11-12 20:34:30,059 INFO Applying rule: Toolbox backup files | target=C:\Users\Iccanui\Documents\Projects\Investing\Toolbox\Backups | retention=0d | kind=files
2025-11-12 20:34:30,060 INFO Rule summary: Toolbox backup files | removed=0 | reclaimed=0.0B
2025-11-12 20:34:30,060 INFO Applying rule: Master-plan archive backups | target=C:\Users\Iccanui\Documents\Projects\Investing\master-plan\archive\backups | retention=0d | kind=subdirs
2025-11-12 20:34:30,060 INFO Rule summary: Master-plan archive backups | removed=0 | reclaimed=0.0B
2025-11-12 20:34:30,060 INFO Applying rule: Master-plan archive monthly snapshots | target=C:\Users\Iccanui\Documents\Projects\Investing\master-plan\archive | retention=0d | kind=subdirs
2025-11-12 20:34:30,061 INFO Rule summary: Master-plan archive monthly snapshots | removed=0 | reclaimed=0.0B
2025-11-12 20:34:30,061 INFO Applying rule: Master-plan root backups | target=C:\Users\Iccanui\Documents\Projects\Investing\master-plan | retention=0d | kind=files
2025-11-12 20:34:30,061 INFO Rule summary: Master-plan root backups | removed=0 | reclaimed=0.0B
2025-11-12 20:34:30,061 INFO Applying rule: Python bytecode caches | target=C:\Users\Iccanui\Documents\Projects\Investing\Scraper\__pycache__ | retention=0d | kind=files
2025-11-12 20:34:30,061 INFO Rule summary: Python bytecode caches | removed=0 | reclaimed=0.0B
2025-11-12 20:34:30,061 INFO Applying rule: Scripts bytecode caches | target=C:\Users\Iccanui\Documents\Projects\Investing\scripts\__pycache__ | retention=0d | kind=files
2025-11-12 20:34:30,061 INFO Rule summary: Scripts bytecode caches | removed=0 | reclaimed=0.0B
2025-11-12 20:34:30,061 INFO Applying rule: Research cache old overviews (ULTRA-AGGRESSIVE - TODAY ONLY) | target=C:\Users\Iccanui\Documents\Projects\Investing\Research\.cache | retention=1d | kind=files
2025-11-12 20:34:30,063 INFO Rule summary: Research cache old overviews (ULTRA-AGGRESSIVE - TODAY ONLY) | removed=0 | reclaimed=0.0B
2025-11-12 20:34:30,063 INFO Wingman cleanup complete | paths_removed=16 | total_reclaimed=938.4KB
